<?xml version="1.0" encoding="UTF-8"?>
<!-- Generated by org.testng.reporters.JUnitReportReporter -->
<testsuite hostname="DESKTOP-KQ68TN4" failures="0" tests="2" name="qspider1.BasicPrg" time="0.021" errors="0" timestamp="2023-08-16T17:35:55 IST" skipped="0">
  <testcase classname="qspider1.BasicPrg" name="data2" time="0.003">
    <system-out>
      <![CDATA[shree]]>
    </system-out>
  </testcase> <!-- data2 -->
  <testcase classname="qspider1.BasicPrg" name="data1" time="0.018">
    <system-out>
      <![CDATA[hello]]>
    </system-out>
  </testcase> <!-- data1 -->
  <system-out>
    <![CDATA[hello
shree
poornima]]>
  </system-out>
</testsuite> <!-- qspider1.BasicPrg -->
