<?xml version="1.0" encoding="UTF-8"?>
<!-- Generated by org.testng.reporters.JUnitReportReporter -->
<testsuite hostname="DESKTOP-KQ68TN4" failures="0" tests="1" name="pageObjectModel.RunnerClass1" time="23.008" errors="0" timestamp="2023-08-24T17:05:15 IST" skipped="0">
  <testcase classname="pageObjectModel.RunnerClass1" name="click1" time="23.008"/>
</testsuite> <!-- pageObjectModel.RunnerClass1 -->
