<?xml version="1.0" encoding="UTF-8"?>
<!-- Generated by org.testng.reporters.JUnitReportReporter -->
<testsuite hostname="DESKTOP-KQ68TN4" failures="0" tests="2" name="practiceTestNg.EnabledParameter" time="0.017" errors="0" timestamp="2023-08-27T15:03:30 IST" skipped="1">
  <testcase classname="practiceTestNg.EnabledParameter" name="data1" time="0.017">
    <system-out>
      <![CDATA[hello]]>
    </system-out>
  </testcase> <!-- data1 -->
  <testcase classname="practiceTestNg.EnabledParameter" name="data2">
    <skipped/>
  </testcase> <!-- data2 -->
  <system-out>
    <![CDATA[hello]]>
  </system-out>
</testsuite> <!-- practiceTestNg.EnabledParameter -->
