<?xml version="1.0" encoding="UTF-8"?>
<!-- Generated by org.testng.reporters.JUnitReportReporter -->
<testsuite hostname="DESKTOP-KQ68TN4" failures="0" tests="1" name="practiceTestNg.RunnerClass1" time="18.805" errors="0" timestamp="2023-08-27T14:48:10 IST" skipped="0">
  <testcase classname="practiceTestNg.RunnerClass1" name="test" time="18.805"/>
</testsuite> <!-- practiceTestNg.RunnerClass1 -->
