<?xml version="1.0" encoding="UTF-8"?>
<!-- Generated by org.testng.reporters.JUnitReportReporter -->
<testsuite hostname="DESKTOP-KQ68TN4" failures="0" tests="4" name="practiceTestNg.InvocationCount" time="0.039" errors="0" timestamp="2023-08-27T14:54:59 IST" skipped="0">
  <testcase classname="practiceTestNg.InvocationCount" name="data2" time="0.020">
    <system-out>
      <![CDATA[world]]>
    </system-out>
  </testcase> <!-- data2 -->
  <testcase classname="practiceTestNg.InvocationCount" name="data1" time="0.003">
    <system-out>
      <![CDATA[hello]]>
    </system-out>
  </testcase> <!-- data1 -->
  <testcase classname="practiceTestNg.InvocationCount" name="data1" time="0.013">
    <system-out>
      <![CDATA[hello]]>
    </system-out>
  </testcase> <!-- data1 -->
  <testcase classname="practiceTestNg.InvocationCount" name="data1" time="0.003">
    <system-out>
      <![CDATA[hello]]>
    </system-out>
  </testcase> <!-- data1 -->
  <system-out>
    <![CDATA[world
hello
hello
hello]]>
  </system-out>
</testsuite> <!-- practiceTestNg.InvocationCount -->
