<?xml version="1.0" encoding="UTF-8"?>
<!-- Generated by org.testng.reporters.JUnitReportReporter -->
<testsuite hostname="DESKTOP-KQ68TN4" failures="0" tests="2" name="practiceTestNg.UsingPriorityAlphaicOrder" time="0.022" errors="0" timestamp="2023-08-21T17:06:38 IST" skipped="0">
  <testcase classname="practiceTestNg.UsingPriorityAlphaicOrder" name="data2" time="0.018">
    <system-out>
      <![CDATA[world]]>
    </system-out>
  </testcase> <!-- data2 -->
  <testcase classname="practiceTestNg.UsingPriorityAlphaicOrder" name="data1" time="0.004">
    <system-out>
      <![CDATA[hello]]>
    </system-out>
  </testcase> <!-- data1 -->
  <system-out>
    <![CDATA[world
hello]]>
  </system-out>
</testsuite> <!-- practiceTestNg.UsingPriorityAlphaicOrder -->
