<?xml version="1.0" encoding="UTF-8"?>
<!-- Generated by org.testng.reporters.JUnitReportReporter -->
<testsuite hostname="DESKTOP-KQ68TN4" failures="0" tests="1" name="testRunnerscript.TestRunnerScrippt" time="32.217" errors="0" timestamp="2023-08-29T20:24:39 IST" skipped="0">
  <testcase classname="testRunnerscript.TestRunnerScrippt" name="search" time="32.217"/>
</testsuite> <!-- testRunnerscript.TestRunnerScrippt -->
