<?xml version="1.0" encoding="UTF-8"?>
<!-- Generated by org.testng.reporters.JUnitReportReporter -->
<testsuite hostname="DESKTOP-KQ68TN4" failures="0" tests="2" name="package2runs.SamplePacage" time="0.008" errors="0" timestamp="2023-08-17T12:35:32 IST" skipped="0">
  <testcase classname="package2runs.SamplePacage" name="data2" time="0.004">
    <system-out>
      <![CDATA[hai]]>
    </system-out>
  </testcase> <!-- data2 -->
  <testcase classname="package2runs.SamplePacage" name="data1" time="0.004">
    <system-out>
      <![CDATA[shee]]>
    </system-out>
  </testcase> <!-- data1 -->
  <system-out>
    <![CDATA[world
hello
hai
shee]]>
  </system-out>
</testsuite> <!-- package2runs.SamplePacage -->
