<?xml version="1.0" encoding="UTF-8"?>
<!-- Generated by org.testng.reporters.JUnitReportReporter -->
<testsuite hostname="DESKTOP-KQ68TN4" failures="0" tests="2" name="practiceTestNg.Test1" time="0.036" errors="0" timestamp="2023-08-21T15:45:20 IST" skipped="0">
  <testcase classname="practiceTestNg.Test1" name="data2" time="0.031">
    <system-out>
      <![CDATA[world]]>
    </system-out>
  </testcase> <!-- data2 -->
  <testcase classname="practiceTestNg.Test1" name="data1" time="0.005">
    <system-out>
      <![CDATA[hello]]>
    </system-out>
  </testcase> <!-- data1 -->
  <system-out>
    <![CDATA[world
hello]]>
  </system-out>
</testsuite> <!-- practiceTestNg.Test1 -->
