<?xml version="1.0" encoding="UTF-8"?>
<!-- Generated by org.testng.reporters.JUnitReportReporter -->
<testsuite hostname="DESKTOP-KQ68TN4" failures="0" tests="1" name="pomScript.Parallel" time="0.022" errors="0" timestamp="2023-08-28T21:44:28 IST" skipped="0">
  <testcase classname="pomScript.Parallel" name="test1" time="0.022"/>
</testsuite> <!-- pomScript.Parallel -->
