<?xml version="1.0" encoding="UTF-8"?>
<!-- Generated by org.testng.reporters.JUnitReportReporter -->
<testsuite hostname="DESKTOP-KQ68TN4" failures="0" tests="2" name="pomScript.Group1" time="0.023" errors="0" timestamp="2023-08-28T17:15:41 IST" skipped="0">
  <testcase classname="pomScript.Group1" name="test1" time="0.019"/>
  <testcase classname="pomScript.Group1" name="test2" time="0.004"/>
</testsuite> <!-- pomScript.Group1 -->
