<?xml version="1.0" encoding="UTF-8"?>
<!-- Generated by org.testng.reporters.JUnitReportReporter -->
<testsuite hostname="DESKTOP-KQ68TN4" failures="0" tests="1" name="qspider1.Basic2" time="0.006" errors="0" timestamp="2023-08-16T17:35:55 IST" skipped="0">
  <testcase classname="qspider1.Basic2" name="data1" time="0.006">
    <system-out>
      <![CDATA[poornima]]>
    </system-out>
  </testcase> <!-- data1 -->
  <system-out>
    <![CDATA[hello
shree
poornima]]>
  </system-out>
</testsuite> <!-- qspider1.Basic2 -->
