<?xml version="1.0" encoding="UTF-8"?>
<!-- Generated by org.testng.reporters.JUnitReportReporter -->
<testsuite hostname="DESKTOP-KQ68TN4" failures="0" tests="2" name="qspider1.Script3" time="5.391" errors="0" timestamp="2023-08-17T12:07:22 IST" skipped="0">
  <testcase classname="qspider1.Script3" name="data8" time="5.374"/>
  <testcase classname="qspider1.Script3" name="data1" time="0.017">
    <system-out>
      <![CDATA[My name is shree
My name is shree
My name is shree
My name is shree
My name is shree
My name is shree
My name is shree
My name is shree
My name is shree
My name is shree
My name is shree
My name is shree
My name is shree
My name is shree
My name is shree
My name is shree
My name is shree]]>
    </system-out>
  </testcase> <!-- data1 -->
  <system-out>
    <![CDATA[My name is shree
My name is shree
My name is shree
My name is shree
My name is shree
My name is shree
My name is shree
My name is shree
My name is shree
My name is shree
My name is shree
My name is shree
My name is shree
My name is shree
My name is shree
My name is shree
My name is shree]]>
  </system-out>
</testsuite> <!-- qspider1.Script3 -->
