<?xml version="1.0" encoding="UTF-8"?>
<!-- Generated by org.testng.reporters.JUnitReportReporter -->
<testsuite hostname="DESKTOP-KQ68TN4" failures="0" tests="2" name="package1run.Sample" time="0.023" errors="0" timestamp="2023-08-17T12:35:32 IST" skipped="0">
  <testcase classname="package1run.Sample" name="data2" time="0.018">
    <system-out>
      <![CDATA[world]]>
    </system-out>
  </testcase> <!-- data2 -->
  <testcase classname="package1run.Sample" name="data1" time="0.005">
    <system-out>
      <![CDATA[hello]]>
    </system-out>
  </testcase> <!-- data1 -->
  <system-out>
    <![CDATA[world
hello
hai
shee]]>
  </system-out>
</testsuite> <!-- package1run.Sample -->
